2026-01-17 20:33:21,423 - INFO - === TEST EXECUTION STARTED ===
2026-01-17 20:33:22,701 - INFO - Chrome browser launched
2026-01-17 20:33:22,916 - INFO - Quiz page opened
2026-01-17 20:33:22,924 - INFO - Page Title: Dynamic Quiz App
2026-01-17 20:33:22,929 - INFO - Page URL: file:///C:/Users/Dell/Desktop/quiz_frugal/quiz.html
2026-01-17 20:33:25,026 - INFO - Start Quiz button clicked
2026-01-17 20:33:27,101 - INFO - Option selected for Question 1
2026-01-17 20:33:28,169 - INFO - Next button clicked for Question 1
2026-01-17 20:33:30,238 - INFO - Option selected for Question 2
2026-01-17 20:33:31,292 - INFO - Next button clicked for Question 2
2026-01-17 20:33:33,345 - INFO - Option selected for Question 3
2026-01-17 20:33:34,401 - INFO - Next button clicked for Question 3
2026-01-17 20:33:36,427 - INFO - Result page displayed
2026-01-17 20:33:36,440 - INFO - Result Text:
Quiz Completed
Total Score: 3/3
Correct Answers: 3
Incorrect Answers: 0
Time Spent Per Question:
Question 1: 3 seconds
Question 2: 1 seconds
Question 3: 1 seconds
2026-01-17 20:33:41,674 - INFO - Browser closed successfully
2026-01-17 20:33:41,674 - INFO - === TEST EXECUTION COMPLETED SUCCESSFULLY ===
2026-01-17 20:35:28,217 - INFO - === TEST EXECUTION STARTED ===
2026-01-17 20:35:29,600 - INFO - Chrome browser launched
2026-01-17 20:35:29,718 - INFO - Quiz page opened
2026-01-17 20:35:29,723 - INFO - Page Title: Dynamic Quiz App
2026-01-17 20:35:29,731 - INFO - Page URL: file:///C:/Users/Dell/Desktop/quiz_frugal/quiz.html
2026-01-17 20:35:31,808 - INFO - Start Quiz button clicked
2026-01-17 20:35:33,881 - INFO - Option selected for Question 1
2026-01-17 20:35:34,935 - INFO - Next button clicked for Question 1
2026-01-17 20:35:37,000 - INFO - Option selected for Question 2
2026-01-17 20:35:38,050 - INFO - Next button clicked for Question 2
2026-01-17 20:35:40,114 - INFO - Option selected for Question 3
2026-01-17 20:35:41,165 - INFO - Next button clicked for Question 3
2026-01-17 20:35:43,187 - INFO - Result page displayed
2026-01-17 20:35:43,201 - INFO - Result Text:
Quiz Completed
Total Score: 3/3
Correct Answers: 3
Incorrect Answers: 0
Time Spent Per Question:
Question 1: 3 seconds
Question 2: 1 seconds
Question 3: 1 seconds
2026-01-17 20:35:48,382 - INFO - Browser closed successfully
2026-01-17 20:35:48,382 - INFO - === TEST EXECUTION COMPLETED SUCCESSFULLY ===
2026-01-17 20:44:37,658 - INFO - === NEGATIVE TEST (FAIL) STARTED ===
2026-01-17 20:44:40,201 - INFO - Quiz page opened
2026-01-17 20:44:42,238 - ERROR - Test execution failed
Traceback (most recent call last):
  File "C:\Users\Dell\Desktop\quiz_frugal\quiz_test.py", line 66, in <module>
    run_quiz(select_correct_option=False, scenario_name="NEGATIVE TEST (FAIL)")
  File "C:\Users\Dell\Desktop\quiz_frugal\quiz_test.py", line 24, in run_quiz
    driver.find_element(By.ID, "startBtn").click()
  File "C:\Users\Dell\AppData\Local\Programs\Python\Python310\lib\site-packages\selenium\webdriver\remote\webdriver.py", line 802, in find_element
    return self.execute(Command.FIND_ELEMENT, {"using": by, "value": value})["value"]
  File "C:\Users\Dell\AppData\Local\Programs\Python\Python310\lib\site-packages\selenium\webdriver\remote\webdriver.py", line 432, in execute
    self.error_handler.check_response(response)
  File "C:\Users\Dell\AppData\Local\Programs\Python\Python310\lib\site-packages\selenium\webdriver\remote\errorhandler.py", line 232, in check_response
    raise exception_class(message, screen, stacktrace)
selenium.common.exceptions.NoSuchElementException: Message: no such element: Unable to locate element: {"method":"css selector","selector":"[id="startBtn"]"}
  (Session info: chrome=143.0.7499.193); For documentation on this error, please visit: https://www.selenium.dev/documentation/webdriver/troubleshooting/errors#nosuchelementexception
Stacktrace:
Symbols not available. Dumping unresolved backtrace:
	0x7ff63af288d5
	0x7ff63af28930
	0x7ff63ad0165d
	0x7ff63ad59a33
	0x7ff63ad59d3c
	0x7ff63adadf67
	0x7ff63adaac97
	0x7ff63ad4ac29
	0x7ff63ad4ba93
	0x7ff63b240620
	0x7ff63b23af60
	0x7ff63b2596c6
	0x7ff63af45dd4
	0x7ff63af4ed7c
	0x7ff63af31ff4
	0x7ff63af321a5
	0x7ff63af17ed2
	0x7fff0ab87374
	0x7fff0ae7cc91

2026-01-17 20:45:08,857 - INFO - === NEGATIVE TEST (FAIL) STARTED ===
2026-01-17 20:45:10,609 - INFO - Quiz page opened
2026-01-17 20:45:12,631 - ERROR - Test execution failed
Traceback (most recent call last):
  File "C:\Users\Dell\Desktop\quiz_frugal\quiz_test.py", line 66, in <module>
    run_quiz(select_correct_option=False, scenario_name="NEGATIVE TEST (FAIL)")
  File "C:\Users\Dell\Desktop\quiz_frugal\quiz_test.py", line 24, in run_quiz
    driver.find_element(By.ID, "startBtn").click()
  File "C:\Users\Dell\AppData\Local\Programs\Python\Python310\lib\site-packages\selenium\webdriver\remote\webdriver.py", line 802, in find_element
    return self.execute(Command.FIND_ELEMENT, {"using": by, "value": value})["value"]
  File "C:\Users\Dell\AppData\Local\Programs\Python\Python310\lib\site-packages\selenium\webdriver\remote\webdriver.py", line 432, in execute
    self.error_handler.check_response(response)
  File "C:\Users\Dell\AppData\Local\Programs\Python\Python310\lib\site-packages\selenium\webdriver\remote\errorhandler.py", line 232, in check_response
    raise exception_class(message, screen, stacktrace)
selenium.common.exceptions.NoSuchElementException: Message: no such element: Unable to locate element: {"method":"css selector","selector":"[id="startBtn"]"}
  (Session info: chrome=143.0.7499.193); For documentation on this error, please visit: https://www.selenium.dev/documentation/webdriver/troubleshooting/errors#nosuchelementexception
Stacktrace:
Symbols not available. Dumping unresolved backtrace:
	0x7ff63af288d5
	0x7ff63af28930
	0x7ff63ad0165d
	0x7ff63ad59a33
	0x7ff63ad59d3c
	0x7ff63adadf67
	0x7ff63adaac97
	0x7ff63ad4ac29
	0x7ff63ad4ba93
	0x7ff63b240620
	0x7ff63b23af60
	0x7ff63b2596c6
	0x7ff63af45dd4
	0x7ff63af4ed7c
	0x7ff63af31ff4
	0x7ff63af321a5
	0x7ff63af17ed2
	0x7fff0ab87374
	0x7fff0ae7cc91

2026-01-17 20:46:57,960 - INFO - === NEGATIVE TEST (FAIL) STARTED ===
2026-01-17 20:46:59,607 - INFO - Quiz page opened
2026-01-17 20:47:01,690 - INFO - Start Quiz clicked
2026-01-17 20:47:03,756 - INFO - Incorrect option selected for Question 1
2026-01-17 20:47:06,955 - ERROR - Test execution failed
Traceback (most recent call last):
  File "C:\Users\Dell\Desktop\quiz_frugal\quiz_test.py", line 66, in <module>
    run_quiz(select_correct_option=False, scenario_name="NEGATIVE TEST (FAIL)")
  File "C:\Users\Dell\Desktop\quiz_frugal\quiz_test.py", line 42, in run_quiz
    options[0].click()
  File "C:\Users\Dell\AppData\Local\Programs\Python\Python310\lib\site-packages\selenium\webdriver\remote\webelement.py", line 114, in click
    self._execute(Command.CLICK_ELEMENT)
  File "C:\Users\Dell\AppData\Local\Programs\Python\Python310\lib\site-packages\selenium\webdriver\remote\webelement.py", line 508, in _execute
    return self._parent.execute(command, params)
  File "C:\Users\Dell\AppData\Local\Programs\Python\Python310\lib\site-packages\selenium\webdriver\remote\webdriver.py", line 432, in execute
    self.error_handler.check_response(response)
  File "C:\Users\Dell\AppData\Local\Programs\Python\Python310\lib\site-packages\selenium\webdriver\remote\errorhandler.py", line 232, in check_response
    raise exception_class(message, screen, stacktrace)
selenium.common.exceptions.ElementNotInteractableException: Message: element not interactable
  (Session info: chrome=143.0.7499.193); For documentation on this error, please visit: https://www.selenium.dev/documentation/webdriver/troubleshooting/errors#elementnotinteractableexception
Stacktrace:
Symbols not available. Dumping unresolved backtrace:
	0x7ff63af288d5
	0x7ff63af28930
	0x7ff63ad01465
	0x7ff63ad5af66
	0x7ff63ad4ce7f
	0x7ff63ad81fda
	0x7ff63ad4c746
	0x7ff63adaac97
	0x7ff63ad4ac29
	0x7ff63ad4ba93
	0x7ff63b240620
	0x7ff63b23af60
	0x7ff63b2596c6
	0x7ff63af45dd4
	0x7ff63af4ed7c
	0x7ff63af31ff4
	0x7ff63af321a5
	0x7ff63af17ed2
	0x7fff0ab87374
	0x7fff0ae7cc91

2026-01-17 20:48:30,967 - INFO - === NEGATIVE TEST (FAIL) STARTED ===
2026-01-17 20:48:32,547 - INFO - Quiz page opened
2026-01-17 20:48:42,982 - INFO - Start Quiz clicked
2026-01-17 20:48:43,056 - INFO - Incorrect option selected for Question 1
2026-01-17 20:48:43,169 - INFO - Incorrect option selected for Question 2
2026-01-17 20:48:43,267 - INFO - Incorrect option selected for Question 3
2026-01-17 20:48:45,459 - INFO - Result page displayed
2026-01-17 20:48:45,459 - INFO - Quiz Completed
Total Score: 0/1
Correct Answers: 0
Incorrect Answers: 1
Overall Performance: 0%
2026-01-17 20:48:45,459 - WARNING - FAIL scenario validated successfully
2026-01-17 20:48:49,607 - INFO - === NEGATIVE TEST (FAIL) COMPLETED ===

2026-01-17 20:48:49,607 - INFO - === POSITIVE TEST (PASS) STARTED ===
2026-01-17 20:48:51,377 - INFO - Quiz page opened
2026-01-17 20:48:51,485 - INFO - Start Quiz clicked
2026-01-17 20:48:51,553 - INFO - Correct option selected for Question 1
2026-01-17 20:48:51,658 - INFO - Correct option selected for Question 2
2026-01-17 20:48:51,753 - INFO - Correct option selected for Question 3
2026-01-17 20:48:53,951 - INFO - Result page displayed
2026-01-17 20:48:53,951 - INFO - Quiz Completed
Total Score: 1/1
Correct Answers: 1
Incorrect Answers: 0
Overall Performance: 100%
2026-01-17 20:48:53,951 - INFO - PASS scenario validated successfully
2026-01-17 20:48:58,071 - INFO - === POSITIVE TEST (PASS) COMPLETED ===

2026-01-17 20:51:32,608 - INFO - === TEST EXECUTION STARTED ===
2026-01-17 20:51:32,936 - INFO - Quiz page opened
2026-01-17 20:51:33,074 - INFO - Start Quiz clicked
2026-01-17 20:51:33,165 - INFO - Random option selected for Question 1
2026-01-17 20:51:33,291 - INFO - Random option selected for Question 2
2026-01-17 20:51:33,409 - INFO - Random option selected for Question 3
2026-01-17 20:51:35,591 - INFO - Result page displayed
2026-01-17 20:51:35,591 - INFO - Result Text:
Quiz Completed
Total Score: 1/1
Correct Answers: 1
Incorrect Answers: 0
Overall Performance: 100%
2026-01-17 20:51:40,751 - INFO - Browser closed
2026-01-17 20:51:40,751 - INFO - === TEST EXECUTION COMPLETED SUCCESSFULLY ===
2026-01-17 20:54:52,977 - INFO - === TEST EXECUTION STARTED ===
2026-01-17 20:54:53,319 - INFO - Quiz page opened
2026-01-17 20:54:53,448 - INFO - Start Quiz clicked
2026-01-17 20:54:53,529 - INFO - Random option selected for Question 1
2026-01-17 20:54:54,654 - INFO - Random option selected for Question 2
2026-01-17 20:54:55,765 - INFO - Random option selected for Question 3
2026-01-17 20:54:56,874 - INFO - Random option selected for Question 4
2026-01-17 20:54:58,001 - INFO - Result page displayed
2026-01-17 20:54:58,001 - INFO - Result Text:
Quiz Completed
Total Score: 2/3
Correct Answers: 2
Incorrect Answers: 1
Overall Performance: 67%
2026-01-17 20:55:03,143 - INFO - Browser closed
2026-01-17 20:55:03,143 - INFO - === TEST EXECUTION COMPLETED SUCCESSFULLY ===
2026-01-17 20:57:47,485 - INFO - === TEST EXECUTION STARTED ===
2026-01-17 20:57:47,842 - INFO - Quiz page opened
2026-01-17 20:57:47,957 - INFO - Start Quiz clicked
2026-01-17 20:57:48,023 - INFO - Random option selected for Question 1
2026-01-17 20:57:49,142 - INFO - Random option selected for Question 2
2026-01-17 20:57:50,249 - INFO - Random option selected for Question 3
2026-01-17 20:57:51,432 - INFO - Result page displayed
2026-01-17 20:57:51,432 - INFO - Result Text:
Quiz Completed
Total Score: 0/3
Correct Answers: 0
Incorrect Answers: 3
Overall Performance: 0%
2026-01-17 20:57:56,540 - INFO - Browser closed
2026-01-17 20:57:56,540 - INFO - === TEST EXECUTION COMPLETED SUCCESSFULLY ===
2026-01-17 20:57:59,665 - INFO - === TEST EXECUTION STARTED ===
2026-01-17 20:58:00,058 - INFO - Quiz page opened
2026-01-17 20:58:00,183 - INFO - Start Quiz clicked
2026-01-17 20:58:00,253 - INFO - Random option selected for Question 1
2026-01-17 20:58:01,406 - INFO - Random option selected for Question 2
2026-01-17 20:58:02,560 - ERROR - Test execution failed
Traceback (most recent call last):
  File "C:\Users\Dell\Desktop\quiz_frugal\quiz_test.py", line 56, in <module>
    wait.until(EC.visibility_of_element_located((By.ID, "result")))
  File "C:\Users\Dell\AppData\Local\Programs\Python\Python310\lib\site-packages\selenium\webdriver\support\wait.py", line 113, in until
    value = method(self._driver)
  File "C:\Users\Dell\AppData\Local\Programs\Python\Python310\lib\site-packages\selenium\webdriver\support\expected_conditions.py", line 184, in _predicate
    return _element_if_visible(driver.find_element(*locator))
  File "C:\Users\Dell\AppData\Local\Programs\Python\Python310\lib\site-packages\selenium\webdriver\remote\webdriver.py", line 802, in find_element
    return self.execute(Command.FIND_ELEMENT, {"using": by, "value": value})["value"]
  File "C:\Users\Dell\AppData\Local\Programs\Python\Python310\lib\site-packages\selenium\webdriver\remote\webdriver.py", line 432, in execute
    self.error_handler.check_response(response)
  File "C:\Users\Dell\AppData\Local\Programs\Python\Python310\lib\site-packages\selenium\webdriver\remote\errorhandler.py", line 232, in check_response
    raise exception_class(message, screen, stacktrace)
selenium.common.exceptions.InvalidSessionIdException: Message: invalid session id; For documentation on this error, please visit: https://www.selenium.dev/documentation/webdriver/troubleshooting/errors#invalidsessionidexception
Stacktrace:
Symbols not available. Dumping unresolved backtrace:
	0x7ff63af288d5
	0x7ff63af28930
	0x7ff63ad01465
	0x7ff63ad49d83
	0x7ff63ad81ee2
	0x7ff63ad7c500
	0x7ff63ad7b6f0
	0x7ff63accb325
	0x7ff63b240620
	0x7ff63b23af60
	0x7ff63b2596c6
	0x7ff63af45dd4
	0x7ff63af4ed7c
	0x7ff63acc9cb8
	0x7ff63b39efe8
	0x7fff0ab87374
	0x7fff0ae7cc91

2026-01-17 20:58:12,155 - INFO - === TEST EXECUTION STARTED ===
2026-01-17 20:58:12,489 - INFO - Quiz page opened
2026-01-17 20:58:12,605 - INFO - Start Quiz clicked
2026-01-17 20:58:16,302 - ERROR - Test execution failed
Traceback (most recent call last):
  File "C:\Users\Dell\Desktop\quiz_frugal\quiz_test.py", line 56, in <module>
    wait.until(EC.visibility_of_element_located((By.ID, "result")))
  File "C:\Users\Dell\AppData\Local\Programs\Python\Python310\lib\site-packages\selenium\webdriver\support\wait.py", line 113, in until
    value = method(self._driver)
  File "C:\Users\Dell\AppData\Local\Programs\Python\Python310\lib\site-packages\selenium\webdriver\support\expected_conditions.py", line 184, in _predicate
    return _element_if_visible(driver.find_element(*locator))
  File "C:\Users\Dell\AppData\Local\Programs\Python\Python310\lib\site-packages\selenium\webdriver\remote\webdriver.py", line 802, in find_element
    return self.execute(Command.FIND_ELEMENT, {"using": by, "value": value})["value"]
  File "C:\Users\Dell\AppData\Local\Programs\Python\Python310\lib\site-packages\selenium\webdriver\remote\webdriver.py", line 432, in execute
    self.error_handler.check_response(response)
  File "C:\Users\Dell\AppData\Local\Programs\Python\Python310\lib\site-packages\selenium\webdriver\remote\errorhandler.py", line 232, in check_response
    raise exception_class(message, screen, stacktrace)
selenium.common.exceptions.InvalidSessionIdException: Message: invalid session id: session deleted as the browser has closed the connection
from disconnected: not connected to DevTools
  (Session info: chrome=143.0.7499.193); For documentation on this error, please visit: https://www.selenium.dev/documentation/webdriver/troubleshooting/errors#invalidsessionidexception
Stacktrace:
Symbols not available. Dumping unresolved backtrace:
	0x7ff63af288d5
	0x7ff63af28930
	0x7ff63ad0165d
	0x7ff63aced202
	0x7ff63ad127af
	0x7ff63ad89a29
	0x7ff63adaa5c2
	0x7ff63ad4ac29
	0x7ff63ad4ba93
	0x7ff63b240620
	0x7ff63b23af60
	0x7ff63b2596c6
	0x7ff63af45dd4
	0x7ff63af4ed7c
	0x7ff63af31ff4
	0x7ff63af321a5
	0x7ff63af17ed2
	0x7fff0ab87374
	0x7fff0ae7cc91

2026-01-17 20:58:39,072 - INFO - === TEST EXECUTION STARTED ===
2026-01-17 20:58:39,457 - INFO - Quiz page opened
2026-01-17 20:58:39,587 - INFO - Start Quiz clicked
2026-01-17 20:58:39,672 - INFO - Random option selected for Question 1
2026-01-17 20:58:40,804 - INFO - Random option selected for Question 2
2026-01-17 20:58:41,935 - INFO - Random option selected for Question 3
2026-01-17 20:58:43,102 - INFO - Result page displayed
2026-01-17 20:58:43,102 - INFO - Result Text:
Quiz Completed
Total Score: 3/3
Correct Answers: 3
Incorrect Answers: 0
Overall Performance: 100%
2026-01-17 20:58:48,250 - INFO - Browser closed
2026-01-17 20:58:48,250 - INFO - === TEST EXECUTION COMPLETED SUCCESSFULLY ===
2026-01-17 21:00:16,983 - INFO - === TEST EXECUTION STARTED ===
2026-01-17 21:00:17,010 - INFO - Quiz page opened
2026-01-17 21:00:17,492 - INFO - Start Quiz clicked
2026-01-17 21:00:17,550 - INFO - Random option selected for Question 1
2026-01-17 21:00:18,676 - INFO - Random option selected for Question 2
2026-01-17 21:00:19,802 - INFO - Random option selected for Question 3
2026-01-17 21:00:20,988 - INFO - Result page displayed
2026-01-17 21:00:20,988 - INFO - Result Text:
Quiz Completed
Total Score: 2/3
Correct Answers: 2
Incorrect Answers: 1
Overall Performance: 67%
2026-01-17 21:00:26,140 - INFO - Browser closed
2026-01-17 21:00:26,140 - INFO - === TEST EXECUTION COMPLETED SUCCESSFULLY ===
2026-01-17 21:02:22,416 - INFO - === TEST EXECUTION STARTED ===
2026-01-17 21:02:22,758 - INFO - Quiz page opened
2026-01-17 21:02:22,873 - INFO - Start Quiz clicked
2026-01-17 21:02:22,947 - INFO - Random option selected for Question 1
2026-01-17 21:02:24,085 - INFO - Random option selected for Question 2
2026-01-17 21:02:25,197 - INFO - Random option selected for Question 3
2026-01-17 21:02:26,423 - INFO - Result page displayed
2026-01-17 21:02:26,423 - INFO - Result Text:
Quiz Completed
Total Score: 0/3
Correct Answers: 0
Incorrect Answers: 3
Overall Performance: 0%
2026-01-17 21:02:31,588 - INFO - Browser closed
2026-01-17 21:02:31,588 - INFO - === TEST EXECUTION COMPLETED SUCCESSFULLY ===
2026-01-17 21:02:50,130 - INFO - === TEST EXECUTION STARTED ===
2026-01-17 21:02:50,579 - INFO - Quiz page opened
2026-01-17 21:02:50,696 - INFO - Start Quiz clicked
2026-01-17 21:02:50,754 - INFO - Random option selected for Question 1
2026-01-17 21:02:51,881 - INFO - Random option selected for Question 2
2026-01-17 21:02:52,996 - INFO - Random option selected for Question 3
2026-01-17 21:02:54,171 - INFO - Result page displayed
2026-01-17 21:02:54,171 - INFO - Result Text:
Quiz Completed
Total Score: 1/3
Correct Answers: 1
Incorrect Answers: 2
Overall Performance: 33%
2026-01-17 21:02:59,446 - INFO - Browser closed
2026-01-17 21:02:59,446 - INFO - === TEST EXECUTION COMPLETED SUCCESSFULLY ===
2026-01-17 21:07:46,552 - INFO - === TEST EXECUTION STARTED ===
2026-01-17 21:07:46,917 - INFO - Quiz page opened
2026-01-17 21:07:49,061 - INFO - Start Quiz clicked
2026-01-17 21:07:51,177 - INFO - Random option selected for Question 1
2026-01-17 21:07:52,761 - INFO - Next clicked for Question 1
2026-01-17 21:07:54,855 - INFO - Random option selected for Question 2
2026-01-17 21:07:56,413 - INFO - Next clicked for Question 2
2026-01-17 21:07:58,484 - INFO - Random option selected for Question 3
2026-01-17 21:08:00,166 - INFO - Next clicked for Question 3
2026-01-17 21:08:02,233 - INFO - Result page displayed
2026-01-17 21:08:02,233 - INFO - Result Text:
Quiz Completed
Total Score: 0/3
Correct Answers: 0
Incorrect Answers: 3
Overall Performance: 0%
2026-01-17 21:08:07,420 - INFO - Browser closed
2026-01-17 21:08:07,420 - INFO - === TEST EXECUTION COMPLETED SUCCESSFULLY ===
2026-01-17 21:08:11,277 - INFO - === TEST EXECUTION STARTED ===
2026-01-17 21:08:12,124 - INFO - Quiz page opened
2026-01-17 21:08:14,222 - INFO - Start Quiz clicked
2026-01-17 21:08:16,324 - INFO - Random option selected for Question 1
2026-01-17 21:08:17,893 - INFO - Next clicked for Question 1
2026-01-17 21:08:19,972 - INFO - Random option selected for Question 2
2026-01-17 21:08:21,535 - INFO - Next clicked for Question 2
2026-01-17 21:08:23,622 - INFO - Random option selected for Question 3
2026-01-17 21:08:25,244 - INFO - Next clicked for Question 3
2026-01-17 21:08:27,305 - INFO - Result page displayed
2026-01-17 21:08:27,305 - INFO - Result Text:
Quiz Completed
Total Score: 1/3
Correct Answers: 1
Incorrect Answers: 2
Overall Performance: 33%
2026-01-17 21:08:32,378 - INFO - Browser closed
2026-01-17 21:08:32,378 - INFO - === TEST EXECUTION COMPLETED SUCCESSFULLY ===
2026-01-17 21:12:57,959 - INFO - === TEST EXECUTION STARTED ===
2026-01-17 21:12:58,297 - INFO - Quiz page opened
2026-01-17 21:13:00,360 - INFO - Random difficulty selected: easy
2026-01-17 21:13:00,432 - INFO - Start Quiz clicked
2026-01-17 21:13:00,530 - INFO - Random option selected for Question 1
2026-01-17 21:13:04,174 - INFO - Random option selected for Question 2
2026-01-17 21:13:07,795 - INFO - Random option selected for Question 3
2026-01-17 21:13:11,456 - INFO - Result page displayed
2026-01-17 21:13:11,456 - INFO - Result Text:
Quiz Completed
Total Score: 1/3
Correct Answers: 1
Incorrect Answers: 2
Overall Performance: 33%
2026-01-17 21:13:16,735 - INFO - Browser closed
2026-01-17 21:13:16,735 - INFO - === TEST EXECUTION COMPLETED SUCCESSFULLY ===
2026-01-17 21:13:33,443 - INFO - === TEST EXECUTION STARTED ===
2026-01-17 21:13:33,918 - INFO - Quiz page opened
2026-01-17 21:13:36,006 - INFO - Random difficulty selected: hard
2026-01-17 21:13:36,076 - INFO - Start Quiz clicked
2026-01-17 21:13:36,182 - INFO - Random option selected for Question 1
2026-01-17 21:13:39,758 - ERROR - Test execution failed
Traceback (most recent call last):
  File "C:\Users\Dell\Desktop\quiz_frugal\quiz_test.py", line 40, in <module>
    if driver.find_elements(By.ID, "result") and driver.find_element(By.ID, "result").is_displayed():
  File "C:\Users\Dell\AppData\Local\Programs\Python\Python310\lib\site-packages\selenium\webdriver\remote\webdriver.py", line 833, in find_elements
    return self.execute(Command.FIND_ELEMENTS, {"using": by, "value": value})["value"] or []
  File "C:\Users\Dell\AppData\Local\Programs\Python\Python310\lib\site-packages\selenium\webdriver\remote\webdriver.py", line 432, in execute
    self.error_handler.check_response(response)
  File "C:\Users\Dell\AppData\Local\Programs\Python\Python310\lib\site-packages\selenium\webdriver\remote\errorhandler.py", line 232, in check_response
    raise exception_class(message, screen, stacktrace)
selenium.common.exceptions.InvalidSessionIdException: Message: invalid session id: session deleted as the browser has closed the connection
from disconnected: not connected to DevTools
  (Session info: chrome=143.0.7499.193); For documentation on this error, please visit: https://www.selenium.dev/documentation/webdriver/troubleshooting/errors#invalidsessionidexception
Stacktrace:
Symbols not available. Dumping unresolved backtrace:
	0x7ff7ca9588d5
	0x7ff7ca958930
	0x7ff7ca73165d
	0x7ff7ca71d202
	0x7ff7ca7427af
	0x7ff7ca7b9a29
	0x7ff7ca7da5c2
	0x7ff7ca77ac29
	0x7ff7ca77ba93
	0x7ff7cac70620
	0x7ff7cac6af60
	0x7ff7cac896c6
	0x7ff7ca975dd4
	0x7ff7ca97ed7c
	0x7ff7ca961ff4
	0x7ff7ca9621a5
	0x7ff7ca947ed2
	0x7fff0ab87374
	0x7fff0ae7cc91

2026-01-17 21:19:15,353 - INFO - === TEST EXECUTION STARTED ===
2026-01-17 21:19:15,726 - INFO - Quiz page opened
2026-01-17 21:19:17,809 - INFO - Difficulty selected: medium
2026-01-17 21:19:19,906 - INFO - Start Quiz clicked
2026-01-17 21:19:21,514 - INFO - Random option selected for Question 1
2026-01-17 21:19:25,163 - INFO - Random option selected for Question 2
2026-01-17 21:19:28,804 - INFO - Random option selected for Question 3
2026-01-17 21:19:32,486 - INFO - Result page displayed
2026-01-17 21:19:32,486 - INFO - Result Text:
Quiz Completed
Total Score: 0/3
Correct Answers: 0
Incorrect Answers: 3
Overall Performance: 0%
2026-01-17 21:19:37,756 - INFO - Browser closed
2026-01-17 21:19:37,756 - INFO - === TEST EXECUTION COMPLETED SUCCESSFULLY ===
2026-01-17 21:23:48,981 - INFO - === TEST EXECUTION STARTED ===
2026-01-17 21:23:51,357 - INFO - Quiz page opened
2026-01-17 21:23:51,435 - INFO - Difficulty selected: medium
2026-01-17 21:23:53,511 - INFO - Start Quiz clicked
2026-01-17 21:23:55,124 - INFO - Random option selected for Question 1
2026-01-17 21:23:58,767 - INFO - Random option selected for Question 2
2026-01-17 21:24:02,408 - INFO - Random option selected for Question 3
2026-01-17 21:24:06,078 - INFO - Result page displayed
2026-01-17 21:24:06,079 - INFO - Result Text:
Quiz Completed
Total Score: 2/3
Correct Answers: 2
Incorrect Answers: 1
Overall Performance: 67%
2026-01-17 21:24:11,174 - INFO - Browser closed
2026-01-17 21:24:11,174 - INFO - === TEST EXECUTION COMPLETED SUCCESSFULLY ===
2026-01-17 21:24:14,202 - INFO - === TEST EXECUTION STARTED ===
2026-01-17 21:24:16,686 - INFO - Quiz page opened
2026-01-17 21:24:16,761 - INFO - Difficulty selected: hard
2026-01-17 21:24:18,833 - INFO - Start Quiz clicked
2026-01-17 21:24:20,442 - INFO - Random option selected for Question 1
2026-01-17 21:24:24,080 - INFO - Random option selected for Question 2
2026-01-17 21:24:27,712 - INFO - Random option selected for Question 3
2026-01-17 21:24:31,383 - INFO - Result page displayed
2026-01-17 21:24:31,383 - INFO - Result Text:
Quiz Completed
Total Score: 2/3
Correct Answers: 2
Incorrect Answers: 1
Overall Performance: 67%
2026-01-17 21:24:36,566 - INFO - Browser closed
2026-01-17 21:24:36,566 - INFO - === TEST EXECUTION COMPLETED SUCCESSFULLY ===
2026-01-17 21:24:40,731 - INFO - === TEST EXECUTION STARTED ===
2026-01-17 21:24:43,335 - INFO - Quiz page opened
2026-01-17 21:24:43,410 - INFO - Difficulty selected: hard
2026-01-17 21:24:45,481 - INFO - Start Quiz clicked
2026-01-17 21:24:47,089 - INFO - Random option selected for Question 1
2026-01-17 21:24:50,738 - INFO - Random option selected for Question 2
2026-01-17 21:24:54,377 - INFO - Random option selected for Question 3
2026-01-17 21:24:58,040 - INFO - Result page displayed
2026-01-17 21:24:58,040 - INFO - Result Text:
Quiz Completed
Total Score: 0/3
Correct Answers: 0
Incorrect Answers: 3
Overall Performance: 0%
2026-01-17 21:25:03,196 - INFO - Browser closed
2026-01-17 21:25:03,196 - INFO - === TEST EXECUTION COMPLETED SUCCESSFULLY ===
2026-01-17 21:27:40,603 - INFO - === TEST EXECUTION STARTED ===
2026-01-17 21:27:42,939 - INFO - Quiz page opened
2026-01-17 21:27:43,014 - INFO - Difficulty selected: hard
2026-01-17 21:27:45,088 - INFO - Start Quiz clicked
2026-01-17 21:27:46,693 - INFO - Random option selected for Question 1
2026-01-17 21:27:50,341 - INFO - Random option selected for Question 2
2026-01-17 21:27:53,992 - INFO - Random option selected for Question 3
2026-01-17 21:27:57,634 - INFO - Result page displayed
2026-01-17 21:27:57,634 - INFO - Result Text:
Quiz Completed
Total Score: 0/3
Correct Answers: 0
Incorrect Answers: 3
Overall Performance: 0%
2026-01-17 21:28:02,822 - INFO - Browser closed
2026-01-17 21:28:02,822 - INFO - === TEST EXECUTION COMPLETED SUCCESSFULLY ===
2026-01-17 21:33:40,207 - INFO - === TEST EXECUTION STARTED ===
2026-01-17 21:33:42,570 - INFO - Quiz page opened
2026-01-17 21:33:42,577 - INFO - Current URL: file:///C:/Users/Dell/Desktop/quiz_frugal/quiz.html
2026-01-17 21:33:42,583 - INFO - Page Title: Dynamic Quiz App
2026-01-17 21:33:42,650 - INFO - Difficulty selected: medium
2026-01-17 21:33:44,728 - INFO - Start Quiz clicked
2026-01-17 21:33:46,330 - INFO - Random option selected for Question 1
2026-01-17 21:33:49,979 - INFO - Random option selected for Question 2
2026-01-17 21:33:53,626 - INFO - Random option selected for Question 3
2026-01-17 21:33:57,277 - INFO - Result page displayed
2026-01-17 21:33:57,277 - INFO - Result Text:
Quiz Completed
Total Score: 0/3
Correct Answers: 0
Incorrect Answers: 3
Overall Performance: 0%
2026-01-17 21:34:02,429 - INFO - Browser closed
2026-01-17 21:34:02,429 - INFO - === TEST EXECUTION COMPLETED SUCCESSFULLY ===
2026-01-17 22:08:18,376 - INFO - === TEST EXECUTION STARTED ===
2026-01-17 22:08:20,790 - INFO - Quiz page opened
2026-01-17 22:08:20,799 - INFO - Current URL: file:///C:/Users/Dell/Desktop/quiz_frugal/quiz.html
2026-01-17 22:08:20,803 - INFO - Page Title: Dynamic Quiz App
2026-01-17 22:08:20,883 - INFO - Difficulty selected: medium
2026-01-17 22:08:22,947 - INFO - Start Quiz clicked
2026-01-17 22:08:24,560 - INFO - Random option selected for Question 1
2026-01-17 22:08:28,212 - INFO - Random option selected for Question 2
2026-01-17 22:08:31,849 - INFO - Random option selected for Question 3
2026-01-17 22:08:35,522 - INFO - Result page displayed
2026-01-17 22:08:35,522 - INFO - Result Text:
Quiz Completed
Total Score: 1/3
Correct Answers: 1
Incorrect Answers: 2
Overall Performance: 33%
2026-01-17 22:08:40,678 - INFO - Browser closed
2026-01-17 22:08:40,678 - INFO - === TEST EXECUTION COMPLETED SUCCESSFULLY ===
2026-01-17 22:08:58,100 - INFO - === TEST EXECUTION STARTED ===
2026-01-17 22:09:00,407 - INFO - Quiz page opened
2026-01-17 22:09:00,414 - INFO - Current URL: file:///C:/Users/Dell/Desktop/quiz_frugal/quiz.html
2026-01-17 22:09:00,419 - INFO - Page Title: Dynamic Quiz App
2026-01-17 22:09:00,493 - INFO - Difficulty selected: easy
2026-01-17 22:09:02,553 - INFO - Start Quiz clicked
2026-01-17 22:09:04,161 - INFO - Random option selected for Question 1
2026-01-17 22:09:05,667 - ERROR - Test execution failed
Traceback (most recent call last):
  File "C:\Users\Dell\Desktop\quiz_frugal\quiz_test.py", line 60, in <module>
    driver.find_element(By.ID, "nextBtn").click()
  File "C:\Users\Dell\AppData\Local\Programs\Python\Python310\lib\site-packages\selenium\webdriver\remote\webdriver.py", line 802, in find_element
    return self.execute(Command.FIND_ELEMENT, {"using": by, "value": value})["value"]
  File "C:\Users\Dell\AppData\Local\Programs\Python\Python310\lib\site-packages\selenium\webdriver\remote\webdriver.py", line 432, in execute
    self.error_handler.check_response(response)
  File "C:\Users\Dell\AppData\Local\Programs\Python\Python310\lib\site-packages\selenium\webdriver\remote\errorhandler.py", line 232, in check_response
    raise exception_class(message, screen, stacktrace)
selenium.common.exceptions.InvalidSessionIdException: Message: invalid session id: session deleted as the browser has closed the connection
from disconnected: not connected to DevTools
  (Session info: chrome=143.0.7499.193); For documentation on this error, please visit: https://www.selenium.dev/documentation/webdriver/troubleshooting/errors#invalidsessionidexception
Stacktrace:
Symbols not available. Dumping unresolved backtrace:
	0x7ff6f56888d5
	0x7ff6f5688930
	0x7ff6f546165d
	0x7ff6f544d202
	0x7ff6f54727af
	0x7ff6f54e9a29
	0x7ff6f550a5c2
	0x7ff6f54aac29
	0x7ff6f54aba93
	0x7ff6f59a0620
	0x7ff6f599af60
	0x7ff6f59b96c6
	0x7ff6f56a5dd4
	0x7ff6f56aed7c
	0x7ff6f5691ff4
	0x7ff6f56921a5
	0x7ff6f5677ed2
	0x7fff0ab87374
	0x7fff0ae7cc91

2026-01-17 22:09:16,625 - INFO - === TEST EXECUTION STARTED ===
2026-01-17 22:09:18,924 - INFO - Quiz page opened
2026-01-17 22:09:18,930 - INFO - Current URL: file:///C:/Users/Dell/Desktop/quiz_frugal/quiz.html
2026-01-17 22:09:18,934 - INFO - Page Title: Dynamic Quiz App
2026-01-17 22:09:19,002 - INFO - Difficulty selected: hard
2026-01-17 22:09:21,078 - INFO - Start Quiz clicked
2026-01-17 22:09:22,686 - INFO - Random option selected for Question 1
2026-01-17 22:09:26,316 - INFO - Random option selected for Question 2
2026-01-17 22:09:29,961 - INFO - Random option selected for Question 3
2026-01-17 22:09:33,613 - INFO - Result page displayed
2026-01-17 22:09:33,613 - INFO - Result Text:
Quiz Completed
Total Score: 0/3
Correct Answers: 0
Incorrect Answers: 3
Overall Performance: 0%
2026-01-17 22:09:38,948 - INFO - Browser closed
2026-01-17 22:09:38,948 - INFO - === TEST EXECUTION COMPLETED SUCCESSFULLY ===
2026-01-17 22:10:07,640 - INFO - === TEST EXECUTION STARTED ===
2026-01-17 22:10:09,679 - INFO - Quiz page opened
2026-01-17 22:10:09,687 - INFO - Current URL: file:///C:/Users/Dell/Desktop/quiz_frugal/quiz.html
2026-01-17 22:10:09,691 - INFO - Page Title: Dynamic Quiz App
2026-01-17 22:10:09,772 - INFO - Difficulty selected: hard
2026-01-17 22:10:11,837 - INFO - Start Quiz clicked
2026-01-17 22:10:13,452 - INFO - Random option selected for Question 1
2026-01-17 22:10:17,094 - INFO - Random option selected for Question 2
2026-01-17 22:10:20,733 - INFO - Random option selected for Question 3
2026-01-17 22:10:24,392 - INFO - Result page displayed
2026-01-17 22:10:24,392 - INFO - Result Text:
Quiz Completed
Total Score: 1/3
Correct Answers: 1
Incorrect Answers: 2
Overall Performance: 33%
2026-01-17 22:10:29,509 - INFO - Browser closed
2026-01-17 22:10:29,510 - INFO - === TEST EXECUTION COMPLETED SUCCESSFULLY ===
2026-01-17 22:16:15,315 - INFO - === TEST EXECUTION STARTED ===
2026-01-17 22:16:17,703 - INFO - Quiz page opened
2026-01-17 22:16:17,714 - INFO - Current URL: file:///C:/Users/Dell/Desktop/quiz_frugal/quiz.html
2026-01-17 22:16:17,719 - INFO - Page Title: Dynamic Quiz App
2026-01-17 22:16:17,805 - INFO - Difficulty selected: medium
2026-01-17 22:16:19,881 - INFO - Start Quiz clicked
2026-01-17 22:16:21,491 - INFO - Random option selected for Question 1
2026-01-17 22:16:25,137 - INFO - Random option selected for Question 2
2026-01-17 22:16:28,777 - INFO - Random option selected for Question 3
2026-01-17 22:16:32,404 - ERROR - Test execution failed
Traceback (most recent call last):
  File "C:\Users\Dell\Desktop\quiz_frugal\quiz_test.py", line 47, in <module>
    if driver.find_elements(By.ID, "result") and driver.find_element(By.ID, "result").is_displayed():
  File "C:\Users\Dell\AppData\Local\Programs\Python\Python310\lib\site-packages\selenium\webdriver\remote\webdriver.py", line 833, in find_elements
    return self.execute(Command.FIND_ELEMENTS, {"using": by, "value": value})["value"] or []
  File "C:\Users\Dell\AppData\Local\Programs\Python\Python310\lib\site-packages\selenium\webdriver\remote\webdriver.py", line 432, in execute
    self.error_handler.check_response(response)
  File "C:\Users\Dell\AppData\Local\Programs\Python\Python310\lib\site-packages\selenium\webdriver\remote\errorhandler.py", line 232, in check_response
    raise exception_class(message, screen, stacktrace)
selenium.common.exceptions.InvalidSessionIdException: Message: invalid session id: session deleted as the browser has closed the connection
from disconnected: not connected to DevTools
  (Session info: chrome=143.0.7499.193); For documentation on this error, please visit: https://www.selenium.dev/documentation/webdriver/troubleshooting/errors#invalidsessionidexception
Stacktrace:
Symbols not available. Dumping unresolved backtrace:
	0x7ff65c0188d5
	0x7ff65c018930
	0x7ff65bdf165d
	0x7ff65bddd202
	0x7ff65be027af
	0x7ff65be79a29
	0x7ff65be9a5c2
	0x7ff65be3ac29
	0x7ff65be3ba93
	0x7ff65c330620
	0x7ff65c32af60
	0x7ff65c3496c6
	0x7ff65c035dd4
	0x7ff65c03ed7c
	0x7ff65c021ff4
	0x7ff65c0221a5
	0x7ff65c007ed2
	0x7fff0ab87374
	0x7fff0ae7cc91

2026-01-17 22:18:03,826 - INFO - === TEST EXECUTION STARTED ===
2026-01-17 22:18:06,439 - INFO - Quiz page opened
2026-01-17 22:18:06,447 - INFO - Current URL: file:///C:/Users/Dell/Desktop/quiz_frugal/quiz.html
2026-01-17 22:18:06,452 - INFO - Page Title: Dynamic Quiz App
2026-01-17 22:18:06,540 - INFO - Difficulty selected: easy
2026-01-17 22:18:08,634 - INFO - Start Quiz clicked
2026-01-17 22:18:10,259 - INFO - Random option selected for Question 1
2026-01-17 22:18:13,941 - INFO - Random option selected for Question 2
2026-01-17 22:18:17,635 - INFO - Random option selected for Question 3
2026-01-17 22:18:21,336 - INFO - Result page displayed
2026-01-17 22:18:21,336 - INFO - Result Text:
Quiz Completed
Total Score: 1/3
Correct Answers: 1
Incorrect Answers: 2
Overall Performance: 33%
2026-01-17 22:18:26,587 - INFO - Browser closed
2026-01-17 22:18:26,587 - INFO - === TEST EXECUTION COMPLETED SUCCESSFULLY ===
2026-01-17 22:21:37,356 - INFO - === TEST EXECUTION STARTED ===
2026-01-17 22:21:39,728 - INFO - Quiz page opened
2026-01-17 22:21:39,737 - INFO - Current URL: file:///C:/Users/Dell/Desktop/quiz_frugal/quiz.html
2026-01-17 22:21:39,742 - INFO - Page Title: Dynamic Quiz App
2026-01-17 22:21:39,847 - INFO - Difficulty selected: easy
2026-01-17 22:21:41,941 - INFO - Start Quiz clicked
2026-01-17 22:21:43,579 - INFO - Random option selected for Question 1
2026-01-17 22:21:47,280 - INFO - Random option selected for Question 2
2026-01-17 22:21:50,939 - INFO - Random option selected for Question 3
2026-01-17 22:21:54,659 - INFO - Result page displayed
2026-01-17 22:21:54,659 - INFO - Result Text:
Quiz Completed
Total Score: 2/3
Correct Answers: 2
Incorrect Answers: 1
Overall Performance: 67%
2026-01-17 22:21:59,886 - INFO - Browser closed
2026-01-17 22:21:59,886 - INFO - === TEST EXECUTION COMPLETED SUCCESSFULLY ===
